[Tue, 05 May 15 21:45:20 +0200][ERROR] Phalcon\Mvc\View\Exception[0]: Scanning error before 'app->id_app . '/...' in ../app/views/projects/index.phtml on line 21
[Tue, 05 May 15 21:45:20 +0200][INFO] C:\xampp\htdocs\289\web\public\index.php[165]
[Tue, 05 May 15 21:45:20 +0200][DEBUG] Trace: 
#0 [internal function]: Phalcon\Mvc\View\Engine\Volt\Compiler->_compileSource('\r\n\r\n\r\n\t{{ parti...', false)
#1 [internal function]: Phalcon\Mvc\View\Engine\Volt\Compiler->compileFile('../app/views/pr...', '../app/views/co...', false)
#2 [internal function]: Phalcon\Mvc\View\Engine\Volt\Compiler->compile('../app/views/pr...')
#3 [internal function]: Phalcon\Mvc\View\Engine\Volt->render('../app/views/pr...', Array, true)
#4 [internal function]: Phalcon\Mvc\View->_engineRender(Array, 'projects/index', true, true, NULL)
#5 [internal function]: Phalcon\Mvc\View->render('projects', 'index', Array)
#6 C:\xampp\htdocs\289\web\public\index.php(165): Phalcon\Mvc\Application->handle()
#7 {main}

[Tue, 05 May 15 21:46:28 +0200][ERROR] Phalcon\Mvc\View\Exception[0]: Scanning error before 'app->id_app . '/...' in ../app/views/projects/index.phtml on line 21
[Tue, 05 May 15 21:46:28 +0200][INFO] C:\xampp\htdocs\289\web\public\index.php[165]
[Tue, 05 May 15 21:46:28 +0200][DEBUG] Trace: 
#0 [internal function]: Phalcon\Mvc\View\Engine\Volt\Compiler->_compileSource('\r\n\r\n\r\n\t{{ parti...', false)
#1 [internal function]: Phalcon\Mvc\View\Engine\Volt\Compiler->compileFile('../app/views/pr...', '../app/views/co...', false)
#2 [internal function]: Phalcon\Mvc\View\Engine\Volt\Compiler->compile('../app/views/pr...')
#3 [internal function]: Phalcon\Mvc\View\Engine\Volt->render('../app/views/pr...', Array, true)
#4 [internal function]: Phalcon\Mvc\View->_engineRender(Array, 'projects/index', true, true, NULL)
#5 [internal function]: Phalcon\Mvc\View->render('projects', 'index', Array)
#6 C:\xampp\htdocs\289\web\public\index.php(165): Phalcon\Mvc\Application->handle()
#7 {main}

[Tue, 05 May 15 21:48:39 +0200][ERROR] Phalcon\Mvc\View\Exception[0]: Scanning error before 'app->id_app . '/...' in ../app/views/projects/index.phtml on line 22
[Tue, 05 May 15 21:48:39 +0200][INFO] C:\xampp\htdocs\289\web\public\index.php[165]
[Tue, 05 May 15 21:48:39 +0200][DEBUG] Trace: 
#0 [internal function]: Phalcon\Mvc\View\Engine\Volt\Compiler->_compileSource('\r\n\r\n\r\n\t{{ parti...', false)
#1 [internal function]: Phalcon\Mvc\View\Engine\Volt\Compiler->compileFile('../app/views/pr...', '../app/views/co...', false)
#2 [internal function]: Phalcon\Mvc\View\Engine\Volt\Compiler->compile('../app/views/pr...')
#3 [internal function]: Phalcon\Mvc\View\Engine\Volt->render('../app/views/pr...', Array, true)
#4 [internal function]: Phalcon\Mvc\View->_engineRender(Array, 'projects/index', true, true, NULL)
#5 [internal function]: Phalcon\Mvc\View->render('projects', 'index', Array)
#6 C:\xampp\htdocs\289\web\public\index.php(165): Phalcon\Mvc\Application->handle()
#7 {main}

[Tue, 05 May 15 21:49:00 +0200][ERROR] Phalcon\Mvc\View\Exception[0]: Syntax error, unexpected token ASSIGN in ../app/views/projects/index.phtml on line 23
[Tue, 05 May 15 21:49:00 +0200][INFO] C:\xampp\htdocs\289\web\public\index.php[165]
[Tue, 05 May 15 21:49:00 +0200][DEBUG] Trace: 
#0 [internal function]: Phalcon\Mvc\View\Engine\Volt\Compiler->_compileSource('\r\n\r\n\r\n\t{{ parti...', false)
#1 [internal function]: Phalcon\Mvc\View\Engine\Volt\Compiler->compileFile('../app/views/pr...', '../app/views/co...', false)
#2 [internal function]: Phalcon\Mvc\View\Engine\Volt\Compiler->compile('../app/views/pr...')
#3 [internal function]: Phalcon\Mvc\View\Engine\Volt->render('../app/views/pr...', Array, true)
#4 [internal function]: Phalcon\Mvc\View->_engineRender(Array, 'projects/index', true, true, NULL)
#5 [internal function]: Phalcon\Mvc\View->render('projects', 'index', Array)
#6 C:\xampp\htdocs\289\web\public\index.php(165): Phalcon\Mvc\Application->handle()
#7 {main}

[Tue, 05 May 15 21:49:52 +0200][ERROR] Phalcon\Mvc\View\Exception[0]: Scanning error before 'link, 'Edit', 'c...' in ../app/views/projects/index.phtml on line 23
[Tue, 05 May 15 21:49:52 +0200][INFO] C:\xampp\htdocs\289\web\public\index.php[165]
[Tue, 05 May 15 21:49:52 +0200][DEBUG] Trace: 
#0 [internal function]: Phalcon\Mvc\View\Engine\Volt\Compiler->_compileSource('\r\n\r\n\r\n\t{{ parti...', false)
#1 [internal function]: Phalcon\Mvc\View\Engine\Volt\Compiler->compileFile('../app/views/pr...', '../app/views/co...', false)
#2 [internal function]: Phalcon\Mvc\View\Engine\Volt\Compiler->compile('../app/views/pr...')
#3 [internal function]: Phalcon\Mvc\View\Engine\Volt->render('../app/views/pr...', Array, true)
#4 [internal function]: Phalcon\Mvc\View->_engineRender(Array, 'projects/index', true, true, NULL)
#5 [internal function]: Phalcon\Mvc\View->render('projects', 'index', Array)
#6 C:\xampp\htdocs\289\web\public\index.php(165): Phalcon\Mvc\Application->handle()
#7 {main}

[Tue, 05 May 15 21:50:02 +0200][ERROR] Phalcon\Mvc\View\Exception[0]: Syntax error, unexpected token ASSIGN in ../app/views/projects/index.phtml on line 23
[Tue, 05 May 15 21:50:02 +0200][INFO] C:\xampp\htdocs\289\web\public\index.php[165]
[Tue, 05 May 15 21:50:02 +0200][DEBUG] Trace: 
#0 [internal function]: Phalcon\Mvc\View\Engine\Volt\Compiler->_compileSource('\r\n\r\n\r\n\t{{ parti...', false)
#1 [internal function]: Phalcon\Mvc\View\Engine\Volt\Compiler->compileFile('../app/views/pr...', '../app/views/co...', false)
#2 [internal function]: Phalcon\Mvc\View\Engine\Volt\Compiler->compile('../app/views/pr...')
#3 [internal function]: Phalcon\Mvc\View\Engine\Volt->render('../app/views/pr...', Array, true)
#4 [internal function]: Phalcon\Mvc\View->_engineRender(Array, 'projects/index', true, true, NULL)
#5 [internal function]: Phalcon\Mvc\View->render('projects', 'index', Array)
#6 C:\xampp\htdocs\289\web\public\index.php(165): Phalcon\Mvc\Application->handle()
#7 {main}

